#
# A fatal error has been detected by the Java Runtime Environment:
#
#  SIGSEGV (0xb) at pc=0x0000000000000000, pid=2622, tid=71431
#
# JRE version: Java(TM) SE Runtime Environment (7.0_51-b13) (build 1.7.0_51-b13)
# Java VM: Java HotSpot(TM) 64-Bit Server VM (24.51-b03 mixed mode bsd-amd64 compressed oops)
# Problematic frame:
# C  0x0000000000000000
#
# Failed to write core dump. Core dumps have been disabled. To enable core dumping, try "ulimit -c unlimited" before starting Java again
#
# If you would like to submit a bug report, please visit:
#   http://bugreport.sun.com/bugreport/crash.jsp
#

---------------  T H R E A D  ---------------

Current thread is native thread

siginfo:si_signo=SIGSEGV: si_errno=0, si_code=1 (SEGV_MAPERR), si_addr=0x0000000000000000

Registers:
RAX=0x0000000196f8d508, RBX=0x00000000000161b0, RCX=0x0000000000000000, RDX=0x0000000000000200
RSP=0x00000001984b2a48, RBP=0x00000001984b2af0, RSI=0x0000000000000000, RDI=0x00007f99431c9000
R8 =0x0000000000000200, R9 =0x00007f9944a28020, R10=0x000000019825f476, R11=0x00007f99431dd1b0
R12=0x00007f9944a21ac0, R13=0x00007f99431c9000, R14=0x00007f994239d300, R15=0x0000000000000800
RIP=0x0000000000000000, EFLAGS=0x0000000000010246, ERR=0x0000000000000014
  TRAPNO=0x000000000000000e

Top of Stack: (sp=0x00000001984b2a48)
0x00000001984b2a48:   0000000196f5f639 000000000005c5c5
0x00000001984b2a58:   00002060420ed701 00007f99431d11b0
0x00000001984b2a68:   00000001971d0010 00007f99431cf1b0
0x00000001984b2a78:   00000200984b2b50 00000001984b2aa0
0x00000001984b2a88:   0000000000000800 0000000000000200
0x00000001984b2a98:   00007f99431cd1b0 00007f99431c9000
0x00000001984b2aa8:   0000020000000000 00000001983bae30
0x00000001984b2ab8:   00007f990000037f 08f58516292c66d7
0x00000001984b2ac8:   00007f9944a28020 00007f9944a21ac0
0x00000001984b2ad8:   0000000000000200 00007f994239d300
0x00000001984b2ae8:   00000001984b2cb8 00000001984b2b00
0x00000001984b2af8:   0000000196f6f2ef 00000001984b2b70
0x00000001984b2b08:   000000019825c839 00007f99438b83e0
0x00000001984b2b18:   00007f99438b8200 00007f994239d390
0x00000001984b2b28:   000000009825e152 00000001984b2cc0
0x00000001984b2b38:   00000001984b2cb8 0000020000000000
0x00000001984b2b48:   00007f994239d580 00000001984b2cb8
0x00000001984b2b58:   00007f99438b8200 00007f994239d290
0x00000001984b2b68:   0000000000000200 00000001984b2bc0
0x00000001984b2b78:   000000019825a3a1 00007f99438b83f8
0x00000001984b2b88:   00000001984b2cc0 00000000438b8414
0x00000001984b2b98:   00007f99438b8200 00007f994239d580
0x00000001984b2ba8:   0000000000000200 00000000ffffffce
0x00000001984b2bb8:   00007f994239d290 00000001984b2c40
0x00000001984b2bc8:   0000000198258aed 00007f994239d290
0x00000001984b2bd8:   00007fff928b6ff8 00001fa0984b2c20
0x00000001984b2be8:   00000001984b2cb8 00007f99438b8200
0x00000001984b2bf8:   00000001984b2cc0 00000000438b83e0
0x00000001984b2c08:   00001fa0b8609767 40e7700000009fe0
0x00000001984b2c18:   0000000000000000 00007f994239d290
0x00000001984b2c28:   00007f99438b8200 0000000000000000
0x00000001984b2c38:   00000001971ce0e0 00000001984b2d30 

Instructions: (pc=0x0000000000000000)
0xffffffffffffffe0:   

Register to memory mapping:

RAX=